<?xml version="1.0" encoding="UTF-8"?>
<Site BuildName="(empty)"
	BuildStamp="20230308-1429-Experimental"
	Name="(empty)"
	Generator="ctest-3.22.1"
	CompilerName=""
	CompilerVersion=""
	OSName="Linux"
	Hostname="ihor-dxc"
	OSRelease="5.19.0-35-generic"
	OSVersion="#36~22.04.1-Ubuntu SMP PREEMPT_DYNAMIC Fri Feb 17 15:17:25 UTC 2"
	OSPlatform="x86_64"
	Is64Bits="1"
	VendorString="GenuineIntel"
	VendorID="Intel Corporation"
	FamilyID="6"
	ModelID="151"
	ProcessorCacheSize="30720"
	NumberOfLogicalCPU="24"
	NumberOfPhysicalCPU="16"
	TotalVirtualMemory="16383"
	TotalPhysicalMemory="64149"
	LogicalProcessorsPerPhysical="1"
	ProcessorClockFrequency="1409.27"
	>
	<Testing>
		<StartDateTime>Mar 08 15:29 CET</StartDateTime>
		<StartTestTime>1678285777</StartTestTime>
		<TestList/>
		<EndDateTime>Mar 08 15:29 CET</EndDateTime>
		<EndTestTime>1678285777</EndTestTime>
		<ElapsedMinutes>0</ElapsedMinutes>
	</Testing>
</Site>
